Determining if the function cblas_dgemm_ exists failed with the following output:
Change Dir: /home/aass/catkin_ws/src/Object-RPE/obj_pose_est/mapping/app/build/CMakeFiles/CMakeTmp

Run Build Command:"/usr/bin/make" "cmTC_8e047/fast"
/usr/bin/make -f CMakeFiles/cmTC_8e047.dir/build.make CMakeFiles/cmTC_8e047.dir/build
make[1]: Entering directory '/home/aass/catkin_ws/src/Object-RPE/obj_pose_est/mapping/app/build/CMakeFiles/CMakeTmp'
Building C object CMakeFiles/cmTC_8e047.dir/CheckFunctionExists.c.o
/usr/bin/cc  -DBLAS_USE_F2C  -DCHECK_FUNCTION_EXISTS=cblas_dgemm_   -o CMakeFiles/cmTC_8e047.dir/CheckFunctionExists.c.o   -c /usr/share/cmake-3.5/Modules/CheckFunctionExists.c
Linking C executable cmTC_8e047
/usr/bin/cmake -E cmake_link_script CMakeFiles/cmTC_8e047.dir/link.txt --verbose=1
/usr/bin/cc   -DCHECK_FUNCTION_EXISTS=cblas_dgemm_    CMakeFiles/cmTC_8e047.dir/CheckFunctionExists.c.o  -o cmTC_8e047 -rdynamic /usr/lib/libcblas.so /usr/lib/libf77blas.so /usr/lib/libatlas.so 
CMakeFiles/cmTC_8e047.dir/CheckFunctionExists.c.o: In function `main':
CheckFunctionExists.c:(.text+0x15): undefined reference to `cblas_dgemm_'
collect2: error: ld returned 1 exit status
CMakeFiles/cmTC_8e047.dir/build.make:100: recipe for target 'cmTC_8e047' failed
make[1]: *** [cmTC_8e047] Error 1
make[1]: Leaving directory '/home/aass/catkin_ws/src/Object-RPE/obj_pose_est/mapping/app/build/CMakeFiles/CMakeTmp'
Makefile:126: recipe for target 'cmTC_8e047/fast' failed
make: *** [cmTC_8e047/fast] Error 2


Determining if the pthread_create exist failed with the following output:
Change Dir: /home/aass/catkin_ws/src/Object-RPE/obj_pose_est/mapping/app/build/CMakeFiles/CMakeTmp

Run Build Command:"/usr/bin/make" "cmTC_93941/fast"
/usr/bin/make -f CMakeFiles/cmTC_93941.dir/build.make CMakeFiles/cmTC_93941.dir/build
make[1]: Entering directory '/home/aass/catkin_ws/src/Object-RPE/obj_pose_est/mapping/app/build/CMakeFiles/CMakeTmp'
Building C object CMakeFiles/cmTC_93941.dir/CheckSymbolExists.c.o
/usr/bin/cc    -fPIC    -o CMakeFiles/cmTC_93941.dir/CheckSymbolExists.c.o   -c /home/aass/catkin_ws/src/Object-RPE/obj_pose_est/mapping/app/build/CMakeFiles/CMakeTmp/CheckSymbolExists.c
Linking C executable cmTC_93941
/usr/bin/cmake -E cmake_link_script CMakeFiles/cmTC_93941.dir/link.txt --verbose=1
/usr/bin/cc  -fPIC     CMakeFiles/cmTC_93941.dir/CheckSymbolExists.c.o  -o cmTC_93941 -rdynamic 
CMakeFiles/cmTC_93941.dir/CheckSymbolExists.c.o: In function `main':
CheckSymbolExists.c:(.text+0x1b): undefined reference to `pthread_create'
collect2: error: ld returned 1 exit status
CMakeFiles/cmTC_93941.dir/build.make:97: recipe for target 'cmTC_93941' failed
make[1]: *** [cmTC_93941] Error 1
make[1]: Leaving directory '/home/aass/catkin_ws/src/Object-RPE/obj_pose_est/mapping/app/build/CMakeFiles/CMakeTmp'
Makefile:126: recipe for target 'cmTC_93941/fast' failed
make: *** [cmTC_93941/fast] Error 2

File /home/aass/catkin_ws/src/Object-RPE/obj_pose_est/mapping/app/build/CMakeFiles/CMakeTmp/CheckSymbolExists.c:
/* */
#include <pthread.h>

int main(int argc, char** argv)
{
  (void)argv;
#ifndef pthread_create
  return ((int*)(&pthread_create))[argc];
#else
  (void)argc;
  return 0;
#endif
}

Determining if the function pthread_create exists in the pthreads failed with the following output:
Change Dir: /home/aass/catkin_ws/src/Object-RPE/obj_pose_est/mapping/app/build/CMakeFiles/CMakeTmp

Run Build Command:"/usr/bin/make" "cmTC_b49b1/fast"
/usr/bin/make -f CMakeFiles/cmTC_b49b1.dir/build.make CMakeFiles/cmTC_b49b1.dir/build
make[1]: Entering directory '/home/aass/catkin_ws/src/Object-RPE/obj_pose_est/mapping/app/build/CMakeFiles/CMakeTmp'
Building C object CMakeFiles/cmTC_b49b1.dir/CheckFunctionExists.c.o
/usr/bin/cc    -fPIC -DCHECK_FUNCTION_EXISTS=pthread_create   -o CMakeFiles/cmTC_b49b1.dir/CheckFunctionExists.c.o   -c /usr/share/cmake-3.5/Modules/CheckFunctionExists.c
Linking C executable cmTC_b49b1
/usr/bin/cmake -E cmake_link_script CMakeFiles/cmTC_b49b1.dir/link.txt --verbose=1
/usr/bin/cc  -fPIC -DCHECK_FUNCTION_EXISTS=pthread_create    CMakeFiles/cmTC_b49b1.dir/CheckFunctionExists.c.o  -o cmTC_b49b1 -rdynamic -lpthreads 
/usr/bin/ld: cannot find -lpthreads
collect2: error: ld returned 1 exit status
CMakeFiles/cmTC_b49b1.dir/build.make:97: recipe for target 'cmTC_b49b1' failed
make[1]: *** [cmTC_b49b1] Error 1
make[1]: Leaving directory '/home/aass/catkin_ws/src/Object-RPE/obj_pose_est/mapping/app/build/CMakeFiles/CMakeTmp'
Makefile:126: recipe for target 'cmTC_b49b1/fast' failed
make: *** [cmTC_b49b1/fast] Error 2


