Determining if the pthread_create exist failed with the following output:
Change Dir: /home/aass/catkin_ws/src/Object-RPE/obj_pose_est/mapping/Core/build/CMakeFiles/CMakeTmp

Run Build Command:"/usr/bin/make" "cmTC_47200/fast"
/usr/bin/make -f CMakeFiles/cmTC_47200.dir/build.make CMakeFiles/cmTC_47200.dir/build
make[1]: Entering directory '/home/aass/catkin_ws/src/Object-RPE/obj_pose_est/mapping/Core/build/CMakeFiles/CMakeTmp'
Building C object CMakeFiles/cmTC_47200.dir/CheckSymbolExists.c.o
/usr/bin/cc    -fPIC    -o CMakeFiles/cmTC_47200.dir/CheckSymbolExists.c.o   -c /home/aass/catkin_ws/src/Object-RPE/obj_pose_est/mapping/Core/build/CMakeFiles/CMakeTmp/CheckSymbolExists.c
Linking C executable cmTC_47200
/usr/bin/cmake -E cmake_link_script CMakeFiles/cmTC_47200.dir/link.txt --verbose=1
/usr/bin/cc  -fPIC     CMakeFiles/cmTC_47200.dir/CheckSymbolExists.c.o  -o cmTC_47200 -rdynamic 
CMakeFiles/cmTC_47200.dir/CheckSymbolExists.c.o: In function `main':
CheckSymbolExists.c:(.text+0x1b): undefined reference to `pthread_create'
collect2: error: ld returned 1 exit status
CMakeFiles/cmTC_47200.dir/build.make:97: recipe for target 'cmTC_47200' failed
make[1]: *** [cmTC_47200] Error 1
make[1]: Leaving directory '/home/aass/catkin_ws/src/Object-RPE/obj_pose_est/mapping/Core/build/CMakeFiles/CMakeTmp'
Makefile:126: recipe for target 'cmTC_47200/fast' failed
make: *** [cmTC_47200/fast] Error 2

File /home/aass/catkin_ws/src/Object-RPE/obj_pose_est/mapping/Core/build/CMakeFiles/CMakeTmp/CheckSymbolExists.c:
/* */
#include <pthread.h>

int main(int argc, char** argv)
{
  (void)argv;
#ifndef pthread_create
  return ((int*)(&pthread_create))[argc];
#else
  (void)argc;
  return 0;
#endif
}

Determining if the function pthread_create exists in the pthreads failed with the following output:
Change Dir: /home/aass/catkin_ws/src/Object-RPE/obj_pose_est/mapping/Core/build/CMakeFiles/CMakeTmp

Run Build Command:"/usr/bin/make" "cmTC_9d775/fast"
/usr/bin/make -f CMakeFiles/cmTC_9d775.dir/build.make CMakeFiles/cmTC_9d775.dir/build
make[1]: Entering directory '/home/aass/catkin_ws/src/Object-RPE/obj_pose_est/mapping/Core/build/CMakeFiles/CMakeTmp'
Building C object CMakeFiles/cmTC_9d775.dir/CheckFunctionExists.c.o
/usr/bin/cc    -fPIC -DCHECK_FUNCTION_EXISTS=pthread_create   -o CMakeFiles/cmTC_9d775.dir/CheckFunctionExists.c.o   -c /usr/share/cmake-3.5/Modules/CheckFunctionExists.c
Linking C executable cmTC_9d775
/usr/bin/cmake -E cmake_link_script CMakeFiles/cmTC_9d775.dir/link.txt --verbose=1
/usr/bin/cc  -fPIC -DCHECK_FUNCTION_EXISTS=pthread_create    CMakeFiles/cmTC_9d775.dir/CheckFunctionExists.c.o  -o cmTC_9d775 -rdynamic -lpthreads 
/usr/bin/ld: cannot find -lpthreads
collect2: error: ld returned 1 exit status
CMakeFiles/cmTC_9d775.dir/build.make:97: recipe for target 'cmTC_9d775' failed
make[1]: *** [cmTC_9d775] Error 1
make[1]: Leaving directory '/home/aass/catkin_ws/src/Object-RPE/obj_pose_est/mapping/Core/build/CMakeFiles/CMakeTmp'
Makefile:126: recipe for target 'cmTC_9d775/fast' failed
make: *** [cmTC_9d775/fast] Error 2


